<?xml version="1.0" encoding="UTF-8"?>
<!-- Generated by org.testng.reporters.JUnitReportReporter -->
<testsuite hostname="DESKTOP-OCFUN0H" failures="0" tests="3" name="MatrixTransposeTest" time="0.017" errors="0" timestamp="2023-11-06T03:34:47 EET" skipped="0">
  <testcase classname="MatrixTransposeTest" name="testTransposeSquareMatrix" time="0.001"/>
  <system-out/>
  <testcase classname="MatrixTransposeTest" name="testTransposeQuadroMatrix" time="0.016"/>
  <system-out/>
  <testcase classname="MatrixTransposeTest" name="testTransposeRectangularMatrix" time="0.000"/>
  <system-out/>
</testsuite> <!-- MatrixTransposeTest -->
